<?xml version="1.0" encoding="UTF-8"?>
<!-- Generated by org.testng.reporters.JUnitXMLReporter -->
<testsuite ignored="1" hostname="FFE-Khushi-Dinesh-Gupta" failures="1" tests="1" name="Default test" time="19.742" errors="0" timestamp="2026-04-18T17:35:29 IST">
  <testcase classname="testCases.TestClass" name="createAccount" time="7.539">
    <failure type="org.openqa.selenium.ElementClickInterceptedException" message="element click intercepted: Element &amp;lt;button lwc-4kb6kaqheak=&amp;quot;&amp;quot; class=&amp;quot;slds-combobox__input slds-input_faux fix-slds-input_faux slds-combobox__input-value&amp;quot; id=&amp;quot;combobox-button-332&amp;quot; type=&amp;quot;button&amp;quot; aria-expanded=&amp;quot;false&amp;quot; aria-haspopup=&amp;quot;listbox&amp;quot; role=&amp;quot;combobox&amp;quot; data-value=&amp;quot;--None--&amp;quot; aria-disabled=&amp;quot;false&amp;quot; aria-label=&amp;quot;Type&amp;quot; aria-required=&amp;quot;false&amp;quot; part=&amp;quot;input-button&amp;quot; aria-controls=&amp;quot;dropdown-element-332&amp;quot;&amp;gt;...&amp;lt;/button&amp;gt; is not clickable at point (482, 536). Other element would receive the click: &amp;lt;records-form-footer lwc-6ct7qgg1o86=&amp;quot;&amp;quot; class=&amp;quot;slds-docked-form-footer fixedFooter slds-modal__footer&amp;quot; lwc-34n15cmj79s-host=&amp;quot;&amp;quot;&amp;gt;&amp;lt;/records-form-footer&amp;gt;
  (Session info: chrome=147.0.7727.101)
Build info: version: &amp;apos;4.43.0&amp;apos;, revision: &amp;apos;dd0f534&amp;apos;
System info: os.name: &amp;apos;Windows 11&amp;apos;, os.arch: &amp;apos;amd64&amp;apos;, os.version: &amp;apos;10.0&amp;apos;, java.version: &amp;apos;21.0.8&amp;apos;
Driver info: org.openqa.selenium.chrome.ChromeDriver
Command: [a65acbd09f04bd73d82b5af9c47eae0b, clickElement {id=f.A2962682042B9CA5438D58AFB08E4C81.d.14AE3241B82FD94E607CA70E0CD23E25.e.2903}]
Capabilities {acceptInsecureCerts: false, browserName: chrome, browserVersion: 147.0.7727.101, chrome: {chromedriverVersion: 147.0.7727.57 (b4f28b5637d0...}, fedcm:accounts: true, goog:chromeOptions: {debuggerAddress: 127.0.0.1:52202}, pageLoadStrategy: normal, platformName: any, proxy: Proxy(), se:cdp: ws://127.0.0.1:52202/devtoo..., se:cdpVersion: 147.0.7727.101, setWindowRect: false, strictFileInteractability: false, timeouts: {implicit: 0, pageLoad: 300000, script: 30000}, unhandledPromptBehavior: dismiss and notify, webauthn:extension:credBlob: true, webauthn:extension:largeBlob: true, webauthn:extension:minPinLength: true, webauthn:extension:prf: true, webauthn:virtualAuthenticators: true}
Element: [[ChromeDriver: chrome on any (a65acbd09f04bd73d82b5af9c47eae0b)] -&amp;gt; xpath: //label[.=&amp;apos;Type&amp;apos;]/ancestor::lightning-combobox/descendant::button[@data-value=&amp;apos;--None--&amp;apos;]]
Session ID: a65acbd09f04bd73d82b5af9c47eae0b">
      <![CDATA[org.openqa.selenium.ElementClickInterceptedException: element click intercepted: Element <button lwc-4kb6kaqheak="" class="slds-combobox__input slds-input_faux fix-slds-input_faux slds-combobox__input-value" id="combobox-button-332" type="button" aria-expanded="false" aria-haspopup="listbox" role="combobox" data-value="--None--" aria-disabled="false" aria-label="Type" aria-required="false" part="input-button" aria-controls="dropdown-element-332">...</button> is not clickable at point (482, 536). Other element would receive the click: <records-form-footer lwc-6ct7qgg1o86="" class="slds-docked-form-footer fixedFooter slds-modal__footer" lwc-34n15cmj79s-host=""></records-form-footer>
  (Session info: chrome=147.0.7727.101)
Build info: version: '4.43.0', revision: 'dd0f534'
System info: os.name: 'Windows 11', os.arch: 'amd64', os.version: '10.0', java.version: '21.0.8'
Driver info: org.openqa.selenium.chrome.ChromeDriver
Command: [a65acbd09f04bd73d82b5af9c47eae0b, clickElement {id=f.A2962682042B9CA5438D58AFB08E4C81.d.14AE3241B82FD94E607CA70E0CD23E25.e.2903}]
Capabilities {acceptInsecureCerts: false, browserName: chrome, browserVersion: 147.0.7727.101, chrome: {chromedriverVersion: 147.0.7727.57 (b4f28b5637d0...}, fedcm:accounts: true, goog:chromeOptions: {debuggerAddress: 127.0.0.1:52202}, pageLoadStrategy: normal, platformName: any, proxy: Proxy(), se:cdp: ws://127.0.0.1:52202/devtoo..., se:cdpVersion: 147.0.7727.101, setWindowRect: false, strictFileInteractability: false, timeouts: {implicit: 0, pageLoad: 300000, script: 30000}, unhandledPromptBehavior: dismiss and notify, webauthn:extension:credBlob: true, webauthn:extension:largeBlob: true, webauthn:extension:minPinLength: true, webauthn:extension:prf: true, webauthn:virtualAuthenticators: true}
Element: [[ChromeDriver: chrome on any (a65acbd09f04bd73d82b5af9c47eae0b)] -> xpath: //label[.='Type']/ancestor::lightning-combobox/descendant::button[@data-value='--None--']]
Session ID: a65acbd09f04bd73d82b5af9c47eae0b
at org.openqa.selenium.remote.ErrorCodec.decode(ErrorCodec.java:169)
at org.openqa.selenium.remote.codec.w3c.W3CHttpResponseCodec.decode(W3CHttpResponseCodec.java:142)
at org.openqa.selenium.remote.codec.w3c.W3CHttpResponseCodec.decode(W3CHttpResponseCodec.java:49)
at org.openqa.selenium.remote.HttpCommandExecutor.execute(HttpCommandExecutor.java:223)
at org.openqa.selenium.remote.service.DriverCommandExecutor.invokeExecute(DriverCommandExecutor.java:216)
at org.openqa.selenium.remote.service.DriverCommandExecutor.execute(DriverCommandExecutor.java:174)
at org.openqa.selenium.remote.RemoteWebDriver.execute(RemoteWebDriver.java:606)
at org.openqa.selenium.remote.RemoteWebElement.execute(RemoteWebElement.java:223)
at org.openqa.selenium.remote.RemoteWebElement.click(RemoteWebElement.java:76)
at java.base/jdk.internal.reflect.DirectMethodHandleAccessor.invoke(DirectMethodHandleAccessor.java:103)
at java.base/java.lang.reflect.Method.invoke(Method.java:580)
at org.openqa.selenium.support.pagefactory.internal.LocatingElementHandler.invoke(LocatingElementHandler.java:51)
at jdk.proxy2/jdk.proxy2.$Proxy13.click(Unknown Source)
at objectRepository.NewAccountPage.createAccount(NewAccountPage.java:148)
at testCases.TestClass.createAccount(TestClass.java:79)
at java.base/jdk.internal.reflect.DirectMethodHandleAccessor.invoke(DirectMethodHandleAccessor.java:103)
at java.base/java.lang.reflect.Method.invoke(Method.java:580)
at org.testng.internal.MethodInvocationHelper.invokeMethod(MethodInvocationHelper.java:133)
at org.testng.internal.TestInvoker.invokeMethod(TestInvoker.java:598)
at org.testng.internal.TestInvoker.invokeTestMethod(TestInvoker.java:173)
at org.testng.internal.MethodRunner.runInSequence(MethodRunner.java:46)
at org.testng.internal.TestInvoker$MethodInvocationAgent.invoke(TestInvoker.java:824)
at org.testng.internal.TestInvoker.invokeTestMethods(TestInvoker.java:146)
at org.testng.internal.TestMethodWorker.invokeTestMethods(TestMethodWorker.java:146)
at org.testng.internal.TestMethodWorker.run(TestMethodWorker.java:128)
at java.base/java.util.ArrayList.forEach(ArrayList.java:1596)
at org.testng.TestRunner.privateRun(TestRunner.java:794)
at org.testng.TestRunner.run(TestRunner.java:596)
at org.testng.SuiteRunner.runTest(SuiteRunner.java:377)
at org.testng.SuiteRunner.runSequentially(SuiteRunner.java:371)
at org.testng.SuiteRunner.privateRun(SuiteRunner.java:332)
at org.testng.SuiteRunner.run(SuiteRunner.java:276)
at org.testng.SuiteRunnerWorker.runSuite(SuiteRunnerWorker.java:53)
at org.testng.SuiteRunnerWorker.run(SuiteRunnerWorker.java:96)
at org.testng.TestNG.runSuitesSequentially(TestNG.java:1212)
at org.testng.TestNG.runSuitesLocally(TestNG.java:1134)
at org.testng.TestNG.runSuites(TestNG.java:1063)
at org.testng.TestNG.run(TestNG.java:1031)
at org.testng.remote.AbstractRemoteTestNG.run(AbstractRemoteTestNG.java:115)
at org.testng.remote.RemoteTestNG.initAndRun(RemoteTestNG.java:293)
at org.testng.remote.RemoteTestNG.main(RemoteTestNG.java:91)
]]>
    </failure>
  </testcase> <!-- createAccount -->
  <testcase classname="testCases.TestClass" name="verifyAllObjects" time="0.0">
    <ignored/>
  </testcase> <!-- verifyAllObjects -->
</testsuite> <!-- Default test -->
