<?xml version="1.0" encoding="UTF-8"?>
<testng-results ignored="0" total="1" passed="1" failed="0" skipped="0">
  <reporter-output>
  </reporter-output>
  <suite started-at="2026-03-20T12:25:33 IST" name="Default suite" finished-at="2026-03-20T12:25:36 IST" duration-ms="2784">
    <groups>
    </groups>
    <test started-at="2026-03-20T12:25:33 IST" name="Default test" finished-at="2026-03-20T12:25:36 IST" duration-ms="2784">
      <class name="testCases.TestClass">
        <test-method is-config="true" signature="btConfig()[pri:0, instance:testCases.TestClass@4a668b6e]" started-at="2026-03-20T12:25:33 IST" name="btConfig" finished-at="2026-03-20T12:25:35 IST" duration-ms="2423" status="PASS">
          <reporter-output>
          </reporter-output>
        </test-method> <!-- btConfig -->
        <test-method is-config="true" signature="bmLogin()[pri:0, instance:testCases.TestClass@4a668b6e]" started-at="2026-03-20T12:25:35 IST" name="bmLogin" finished-at="2026-03-20T12:25:36 IST" duration-ms="313" status="PASS">
          <reporter-output>
          </reporter-output>
        </test-method> <!-- bmLogin -->
        <test-method signature="test()[pri:0, instance:testCases.TestClass@4a668b6e]" started-at="2026-03-20T12:25:36 IST" name="test" finished-at="2026-03-20T12:25:36 IST" duration-ms="8" status="PASS">
          <reporter-output>
          </reporter-output>
        </test-method> <!-- test -->
      </class> <!-- testCases.TestClass -->
    </test> <!-- Default test -->
  </suite> <!-- Default suite -->
</testng-results>
